<?xml version="1.0" encoding="UTF-8"?>
<testng-results ignored="0" total="1" passed="1" failed="0" skipped="0">
  <reporter-output>
  </reporter-output>
  <suite started-at="2022-11-16T10:28:24 ICT" name="Regression" finished-at="2022-11-16T10:28:50 ICT" duration-ms="25670">
    <groups>
    </groups>
    <test started-at="2022-11-16T10:28:24 ICT" name="Anthentication" finished-at="2022-11-16T10:28:50 ICT" duration-ms="25670">
      <class name="src.tests.authen.LoginTest">
        <test-method signature="testLogin()[pri:0, instance:src.tests.authen.LoginTest@2f7c2f4f]" started-at="2022-11-16T10:28:24 ICT" name="testLogin" finished-at="2022-11-16T10:28:50 ICT" duration-ms="25636" status="PASS">
          <reporter-output>
          </reporter-output>
        </test-method> <!-- testLogin -->
      </class> <!-- src.tests.authen.LoginTest -->
    </test> <!-- Anthentication -->
  </suite> <!-- Regression -->
</testng-results>
